[INFO ] 2019-03-05 16:32:07.148 [restartedMain] MyErpSystemApplication - Starting MyErpSystemApplication on INHYNNTRIPATHY1 with PID 27516 (C:\SpringWorkSpace\myERPSystem\target\classes started by ntripathy in C:\SpringWorkSpace\myERPSystem)
[DEBUG] 2019-03-05 16:32:07.152 [restartedMain] MyErpSystemApplication - Running with Spring Boot v2.1.3.RELEASE, Spring v5.1.5.RELEASE
[INFO ] 2019-03-05 16:32:07.153 [restartedMain] MyErpSystemApplication - No active profile set, falling back to default profiles: default
[INFO ] 2019-03-05 16:32:10.752 [restartedMain] MyErpSystemApplication - Started MyErpSystemApplication in 3.854 seconds (JVM running for 4.589)
[DEBUG] 2019-03-05 16:32:30.847 [http-nio-8080-exec-1] LoginController - Redirecting to Home Page.
[DEBUG] 2019-03-05 16:32:31.387 [http-nio-8080-exec-1] LoginController - Redirecting to Home Page.
[DEBUG] 2019-03-05 16:32:33.220 [http-nio-8080-exec-2] LoginController - Redirecting to Login Page.
[DEBUG] 2019-03-05 16:36:27.813 [http-nio-8080-exec-5] LoginController - Redirecting to Home Page.
[DEBUG] 2019-03-05 16:36:31.809 [http-nio-8080-exec-6] LoginController - Redirecting to Login Page.
[DEBUG] 2019-03-05 16:37:32.479 [http-nio-8080-exec-9] LoginController - Redirecting to Login Page.
[DEBUG] 2019-03-05 16:37:42.923 [http-nio-8080-exec-2] LoginController - Initializing the Login Process.
[DEBUG] 2019-03-05 16:37:43.090 [http-nio-8080-exec-2] LoginController - Login Successful. Redirecting to welcome screen.
[DEBUG] 2019-03-05 16:41:30.618 [http-nio-8080-exec-6] LoginController - Redirecting to Home Page.
[DEBUG] 2019-03-05 16:41:32.540 [http-nio-8080-exec-7] LoginController - Redirecting to Login Page.
[INFO ] 2019-03-05 16:51:58.307 [restartedMain] MyErpSystemApplication - Starting MyErpSystemApplication on INHYNNTRIPATHY1 with PID 27516 (C:\SpringWorkSpace\myERPSystem\target\classes started by ntripathy in C:\SpringWorkSpace\myERPSystem)
[DEBUG] 2019-03-05 16:51:58.307 [restartedMain] MyErpSystemApplication - Running with Spring Boot v2.1.3.RELEASE, Spring v5.1.5.RELEASE
[INFO ] 2019-03-05 16:51:58.307 [restartedMain] MyErpSystemApplication - No active profile set, falling back to default profiles: default
[INFO ] 2019-03-05 16:51:59.389 [restartedMain] MyErpSystemApplication - Started MyErpSystemApplication in 1.112 seconds (JVM running for 1193.226)
[DEBUG] 2019-03-05 16:54:02.090 [http-nio-8080-exec-1] LoginController - Redirecting to Login Page.
[DEBUG] 2019-03-05 16:54:29.087 [http-nio-8080-exec-4] LoginController - Redirecting to Login Page.
[DEBUG] 2019-03-05 17:42:11.687 [http-nio-8080-exec-9] LoginController - Redirecting to Login Page.
[DEBUG] 2019-03-05 17:43:56.856 [http-nio-8080-exec-2] LoginController - Redirecting to Login Page.
[DEBUG] 2019-03-05 17:44:12.757 [http-nio-8080-exec-3] LoginController - Redirecting to Login Page.
[DEBUG] 2019-03-05 17:44:32.754 [http-nio-8080-exec-4] LoginController - Redirecting to Login Page.
[DEBUG] 2019-03-05 17:44:58.094 [http-nio-8080-exec-6] LoginController - Redirecting to Login Page.
[DEBUG] 2019-03-05 17:45:17.454 [http-nio-8080-exec-5] LoginController - Redirecting to Login Page.
[DEBUG] 2019-03-05 17:46:26.009 [http-nio-8080-exec-8] LoginController - Redirecting to Login Page.
[DEBUG] 2019-03-05 17:47:14.581 [http-nio-8080-exec-9] LoginController - Redirecting to Login Page.
[DEBUG] 2019-03-05 17:50:46.402 [http-nio-8080-exec-2] LoginController - Redirecting to Login Page.
[DEBUG] 2019-03-05 17:51:45.286 [http-nio-8080-exec-3] LoginController - Redirecting to Login Page.
[DEBUG] 2019-03-05 17:51:46.463 [http-nio-8080-exec-4] LoginController - Redirecting to Login Page.
[DEBUG] 2019-03-05 17:51:46.726 [http-nio-8080-exec-6] LoginController - Redirecting to Login Page.
[DEBUG] 2019-03-05 17:53:27.837 [http-nio-8080-exec-7] LoginController - Redirecting to Login Page.
[DEBUG] 2019-03-05 17:54:15.095 [http-nio-8080-exec-9] LoginController - Redirecting to Login Page.
[DEBUG] 2019-03-05 17:55:18.362 [http-nio-8080-exec-1] LoginController - Redirecting to Login Page.
[DEBUG] 2019-03-05 18:03:00.716 [http-nio-8080-exec-3] LoginController - Redirecting to Home Page.
[DEBUG] 2019-03-05 18:03:01.800 [http-nio-8080-exec-6] LoginController - Redirecting to Home Page.
[DEBUG] 2019-03-05 18:04:14.643 [http-nio-8080-exec-7] LoginController - Redirecting to Home Page.
[DEBUG] 2019-03-05 18:04:45.548 [http-nio-8080-exec-9] LoginController - Redirecting to Login Page.
[DEBUG] 2019-03-05 18:04:46.878 [http-nio-8080-exec-1] LoginController - Redirecting to Home Page.
[DEBUG] 2019-03-05 18:05:39.767 [http-nio-8080-exec-2] LoginController - Redirecting to Home Page.
[DEBUG] 2019-03-05 18:05:41.158 [http-nio-8080-exec-4] LoginController - Redirecting to Login Page.
[DEBUG] 2019-03-05 18:05:42.687 [http-nio-8080-exec-6] LoginController - Redirecting to Home Page.
[DEBUG] 2019-03-05 18:11:15.029 [http-nio-8080-exec-7] LoginController - Redirecting to Home Page.
[DEBUG] 2019-03-05 18:11:45.794 [http-nio-8080-exec-9] LoginController - Redirecting to Home Page.
[DEBUG] 2019-03-05 18:12:10.269 [http-nio-8080-exec-10] LoginController - Redirecting to Home Page.
[DEBUG] 2019-03-05 18:12:59.373 [http-nio-8080-exec-1] LoginController - Redirecting to Login Page.
[DEBUG] 2019-03-05 18:13:01.491 [http-nio-8080-exec-3] LoginController - Redirecting to Home Page.
[INFO ] 2019-03-06 11:32:36.577 [restartedMain] MyErpSystemApplication - Starting MyErpSystemApplication on INHYNNTRIPATHY1 with PID 15388 (C:\SpringWorkSpace\myERPSystem\target\classes started by ntripathy in C:\SpringWorkSpace\myERPSystem)
[DEBUG] 2019-03-06 11:32:36.585 [restartedMain] MyErpSystemApplication - Running with Spring Boot v2.1.3.RELEASE, Spring v5.1.5.RELEASE
[INFO ] 2019-03-06 11:32:36.586 [restartedMain] MyErpSystemApplication - No active profile set, falling back to default profiles: default
[INFO ] 2019-03-06 11:32:42.457 [restartedMain] MyErpSystemApplication - Started MyErpSystemApplication in 6.668 seconds (JVM running for 8.408)
[DEBUG] 2019-03-06 11:32:49.858 [http-nio-8080-exec-1] LoginController - Redirecting to Login Page.
[DEBUG] 2019-03-06 11:32:59.484 [http-nio-8080-exec-3] LoginController - Initializing the Login Process.
[DEBUG] 2019-03-06 11:32:59.865 [http-nio-8080-exec-3] LoginController - Login Successful. Redirecting to welcome screen.
[DEBUG] 2019-03-06 11:33:05.938 [http-nio-8080-exec-7] LoginController - Redirecting to Home Page.
[DEBUG] 2019-03-06 11:33:11.234 [http-nio-8080-exec-9] LoginController - Redirecting to Home Page.
[DEBUG] 2019-03-06 11:33:26.655 [http-nio-8080-exec-1] LoginController - Redirecting to Login Page.
[DEBUG] 2019-03-06 11:48:02.376 [http-nio-8080-exec-4] LoginController - Redirecting to Home Page.
[DEBUG] 2019-03-06 11:48:04.546 [http-nio-8080-exec-5] LoginController - Redirecting to Home Page.
[DEBUG] 2019-03-06 11:52:38.339 [http-nio-8080-exec-9] LoginController - Redirecting to Home Page.
[DEBUG] 2019-03-06 11:52:49.291 [http-nio-8080-exec-2] LoginController - Redirecting to Home Page.
[DEBUG] 2019-03-06 11:52:56.314 [http-nio-8080-exec-4] LoginController - Redirecting to Home Page.
[DEBUG] 2019-03-06 11:53:05.179 [http-nio-8080-exec-7] LoginController - Redirecting to Home Page.
[DEBUG] 2019-03-06 11:53:27.771 [http-nio-8080-exec-10] LoginController - Redirecting to Home Page.
[DEBUG] 2019-03-06 11:53:51.274 [http-nio-8080-exec-3] LoginController - Redirecting to Home Page.
[DEBUG] 2019-03-06 12:16:38.661 [http-nio-8080-exec-7] LoginController - Redirecting to Home Page.
[INFO ] 2019-03-06 12:17:09.078 [restartedMain] MyErpSystemApplication - Starting MyErpSystemApplication on INHYNNTRIPATHY1 with PID 15388 (C:\SpringWorkSpace\myERPSystem\target\classes started by ntripathy in C:\SpringWorkSpace\myERPSystem)
[DEBUG] 2019-03-06 12:17:09.078 [restartedMain] MyErpSystemApplication - Running with Spring Boot v2.1.3.RELEASE, Spring v5.1.5.RELEASE
[INFO ] 2019-03-06 12:17:09.079 [restartedMain] MyErpSystemApplication - No active profile set, falling back to default profiles: default
[INFO ] 2019-03-06 12:17:10.856 [restartedMain] MyErpSystemApplication - Started MyErpSystemApplication in 1.83 seconds (JVM running for 2676.81)
[INFO ] 2019-03-06 12:17:55.786 [restartedMain] MyErpSystemApplication - Starting MyErpSystemApplication on INHYNNTRIPATHY1 with PID 15388 (C:\SpringWorkSpace\myERPSystem\target\classes started by ntripathy in C:\SpringWorkSpace\myERPSystem)
[DEBUG] 2019-03-06 12:17:55.786 [restartedMain] MyErpSystemApplication - Running with Spring Boot v2.1.3.RELEASE, Spring v5.1.5.RELEASE
[INFO ] 2019-03-06 12:17:55.786 [restartedMain] MyErpSystemApplication - No active profile set, falling back to default profiles: default
[INFO ] 2019-03-06 12:17:57.271 [restartedMain] MyErpSystemApplication - Started MyErpSystemApplication in 1.532 seconds (JVM running for 2723.224)
[DEBUG] 2019-03-06 12:17:59.039 [http-nio-8080-exec-1] LoginController - Redirecting to Home Page.
[DEBUG] 2019-03-06 12:18:01.230 [http-nio-8080-exec-3] LoginController - Redirecting to Home Page.
[INFO ] 2019-03-06 12:18:24.927 [restartedMain] MyErpSystemApplication - Starting MyErpSystemApplication on INHYNNTRIPATHY1 with PID 15388 (C:\SpringWorkSpace\myERPSystem\target\classes started by ntripathy in C:\SpringWorkSpace\myERPSystem)
[DEBUG] 2019-03-06 12:18:24.927 [restartedMain] MyErpSystemApplication - Running with Spring Boot v2.1.3.RELEASE, Spring v5.1.5.RELEASE
[INFO ] 2019-03-06 12:18:24.927 [restartedMain] MyErpSystemApplication - No active profile set, falling back to default profiles: default
[INFO ] 2019-03-06 12:18:25.985 [restartedMain] MyErpSystemApplication - Started MyErpSystemApplication in 1.107 seconds (JVM running for 2751.94)
[INFO ] 2019-03-06 12:18:31.995 [restartedMain] MyErpSystemApplication - Starting MyErpSystemApplication on INHYNNTRIPATHY1 with PID 15388 (C:\SpringWorkSpace\myERPSystem\target\classes started by ntripathy in C:\SpringWorkSpace\myERPSystem)
[DEBUG] 2019-03-06 12:18:31.995 [restartedMain] MyErpSystemApplication - Running with Spring Boot v2.1.3.RELEASE, Spring v5.1.5.RELEASE
[INFO ] 2019-03-06 12:18:31.995 [restartedMain] MyErpSystemApplication - No active profile set, falling back to default profiles: default
[INFO ] 2019-03-06 12:18:32.956 [restartedMain] MyErpSystemApplication - Started MyErpSystemApplication in 1.001 seconds (JVM running for 2758.91)
[INFO ] 2019-03-06 12:18:41.014 [restartedMain] MyErpSystemApplication - Starting MyErpSystemApplication on INHYNNTRIPATHY1 with PID 15388 (C:\SpringWorkSpace\myERPSystem\target\classes started by ntripathy in C:\SpringWorkSpace\myERPSystem)
[DEBUG] 2019-03-06 12:18:41.014 [restartedMain] MyErpSystemApplication - Running with Spring Boot v2.1.3.RELEASE, Spring v5.1.5.RELEASE
[INFO ] 2019-03-06 12:18:41.015 [restartedMain] MyErpSystemApplication - No active profile set, falling back to default profiles: default
[INFO ] 2019-03-06 12:18:41.902 [restartedMain] MyErpSystemApplication - Started MyErpSystemApplication in 0.928 seconds (JVM running for 2767.855)
[INFO ] 2019-03-06 12:19:30.791 [restartedMain] MyErpSystemApplication - Starting MyErpSystemApplication on INHYNNTRIPATHY1 with PID 15388 (C:\SpringWorkSpace\myERPSystem\target\classes started by ntripathy in C:\SpringWorkSpace\myERPSystem)
[DEBUG] 2019-03-06 12:19:30.791 [restartedMain] MyErpSystemApplication - Running with Spring Boot v2.1.3.RELEASE, Spring v5.1.5.RELEASE
[INFO ] 2019-03-06 12:19:30.791 [restartedMain] MyErpSystemApplication - No active profile set, falling back to default profiles: default
[INFO ] 2019-03-06 12:19:31.627 [restartedMain] MyErpSystemApplication - Started MyErpSystemApplication in 0.876 seconds (JVM running for 2817.581)
[INFO ] 2019-03-06 12:19:56.093 [restartedMain] MyErpSystemApplication - Starting MyErpSystemApplication on INHYNNTRIPATHY1 with PID 15388 (C:\SpringWorkSpace\myERPSystem\target\classes started by ntripathy in C:\SpringWorkSpace\myERPSystem)
[DEBUG] 2019-03-06 12:19:56.093 [restartedMain] MyErpSystemApplication - Running with Spring Boot v2.1.3.RELEASE, Spring v5.1.5.RELEASE
[INFO ] 2019-03-06 12:19:56.093 [restartedMain] MyErpSystemApplication - No active profile set, falling back to default profiles: default
[INFO ] 2019-03-06 12:19:57.032 [restartedMain] MyErpSystemApplication - Started MyErpSystemApplication in 0.977 seconds (JVM running for 2842.987)
[INFO ] 2019-03-06 12:20:02.676 [restartedMain] MyErpSystemApplication - Starting MyErpSystemApplication on INHYNNTRIPATHY1 with PID 15388 (C:\SpringWorkSpace\myERPSystem\target\classes started by ntripathy in C:\SpringWorkSpace\myERPSystem)
[DEBUG] 2019-03-06 12:20:02.676 [restartedMain] MyErpSystemApplication - Running with Spring Boot v2.1.3.RELEASE, Spring v5.1.5.RELEASE
[INFO ] 2019-03-06 12:20:02.677 [restartedMain] MyErpSystemApplication - No active profile set, falling back to default profiles: default
[INFO ] 2019-03-06 12:20:03.586 [restartedMain] MyErpSystemApplication - Started MyErpSystemApplication in 0.945 seconds (JVM running for 2849.541)
[INFO ] 2019-03-06 12:20:48.549 [restartedMain] MyErpSystemApplication - Starting MyErpSystemApplication on INHYNNTRIPATHY1 with PID 15388 (C:\SpringWorkSpace\myERPSystem\target\classes started by ntripathy in C:\SpringWorkSpace\myERPSystem)
[DEBUG] 2019-03-06 12:20:48.550 [restartedMain] MyErpSystemApplication - Running with Spring Boot v2.1.3.RELEASE, Spring v5.1.5.RELEASE
[INFO ] 2019-03-06 12:20:48.550 [restartedMain] MyErpSystemApplication - No active profile set, falling back to default profiles: default
[INFO ] 2019-03-06 12:20:49.758 [restartedMain] MyErpSystemApplication - Started MyErpSystemApplication in 1.243 seconds (JVM running for 2895.714)
[INFO ] 2019-03-06 12:22:02.314 [restartedMain] MyErpSystemApplication - Starting MyErpSystemApplication on INHYNNTRIPATHY1 with PID 15388 (C:\SpringWorkSpace\myERPSystem\target\classes started by ntripathy in C:\SpringWorkSpace\myERPSystem)
[DEBUG] 2019-03-06 12:22:02.314 [restartedMain] MyErpSystemApplication - Running with Spring Boot v2.1.3.RELEASE, Spring v5.1.5.RELEASE
[INFO ] 2019-03-06 12:22:02.315 [restartedMain] MyErpSystemApplication - No active profile set, falling back to default profiles: default
[INFO ] 2019-03-06 12:22:09.553 [restartedMain] MyErpSystemApplication - Starting MyErpSystemApplication on INHYNNTRIPATHY1 with PID 15388 (C:\SpringWorkSpace\myERPSystem\target\classes started by ntripathy in C:\SpringWorkSpace\myERPSystem)
[DEBUG] 2019-03-06 12:22:09.553 [restartedMain] MyErpSystemApplication - Running with Spring Boot v2.1.3.RELEASE, Spring v5.1.5.RELEASE
[INFO ] 2019-03-06 12:22:09.554 [restartedMain] MyErpSystemApplication - No active profile set, falling back to default profiles: default
[INFO ] 2019-03-06 12:22:10.336 [restartedMain] MyErpSystemApplication - Started MyErpSystemApplication in 0.829 seconds (JVM running for 2976.296)
[DEBUG] 2019-03-06 12:22:18.875 [http-nio-8080-exec-1] LoginController - Loging Off.
[DEBUG] 2019-03-06 12:22:22.679 [http-nio-8080-exec-3] LoginController - Loging Off.
[DEBUG] 2019-03-06 12:22:24.430 [http-nio-8080-exec-4] LoginController - Loging Off.
[DEBUG] 2019-03-06 12:22:25.869 [http-nio-8080-exec-5] LoginController - Loging Off.
[DEBUG] 2019-03-06 12:22:28.693 [http-nio-8080-exec-6] LoginController - Loging Off.
[INFO ] 2019-03-06 12:22:54.230 [restartedMain] MyErpSystemApplication - Starting MyErpSystemApplication on INHYNNTRIPATHY1 with PID 15388 (C:\SpringWorkSpace\myERPSystem\target\classes started by ntripathy in C:\SpringWorkSpace\myERPSystem)
[DEBUG] 2019-03-06 12:22:54.231 [restartedMain] MyErpSystemApplication - Running with Spring Boot v2.1.3.RELEASE, Spring v5.1.5.RELEASE
[INFO ] 2019-03-06 12:22:54.231 [restartedMain] MyErpSystemApplication - No active profile set, falling back to default profiles: default
[INFO ] 2019-03-06 12:22:55.141 [restartedMain] MyErpSystemApplication - Started MyErpSystemApplication in 0.962 seconds (JVM running for 3021.102)
[INFO ] 2019-03-06 12:22:58.303 [restartedMain] MyErpSystemApplication - Starting MyErpSystemApplication on INHYNNTRIPATHY1 with PID 15388 (C:\SpringWorkSpace\myERPSystem\target\classes started by ntripathy in C:\SpringWorkSpace\myERPSystem)
[DEBUG] 2019-03-06 12:22:58.303 [restartedMain] MyErpSystemApplication - Running with Spring Boot v2.1.3.RELEASE, Spring v5.1.5.RELEASE
[INFO ] 2019-03-06 12:22:58.303 [restartedMain] MyErpSystemApplication - No active profile set, falling back to default profiles: default
[INFO ] 2019-03-06 12:22:59.187 [restartedMain] MyErpSystemApplication - Started MyErpSystemApplication in 0.918 seconds (JVM running for 3025.149)
[DEBUG] 2019-03-06 12:23:02.987 [http-nio-8080-exec-1] LoginController - Loging Off.
[DEBUG] 2019-03-06 12:23:06.677 [http-nio-8080-exec-3] LoginController - Redirecting to Login Page.
[DEBUG] 2019-03-06 12:23:13.282 [http-nio-8080-exec-5] LoginController - Initializing the Login Process.
[DEBUG] 2019-03-06 12:23:13.410 [http-nio-8080-exec-5] LoginController - Login Successful. Redirecting to welcome screen.
[DEBUG] 2019-03-06 12:23:31.424 [http-nio-8080-exec-8] LoginController - Redirecting to Login Page.
[DEBUG] 2019-03-06 12:23:33.400 [http-nio-8080-exec-9] LoginController - Redirecting to Home Page.
[INFO ] 2019-03-06 12:24:13.104 [restartedMain] MyErpSystemApplication - Starting MyErpSystemApplication on INHYNNTRIPATHY1 with PID 15388 (C:\SpringWorkSpace\myERPSystem\target\classes started by ntripathy in C:\SpringWorkSpace\myERPSystem)
[DEBUG] 2019-03-06 12:24:13.105 [restartedMain] MyErpSystemApplication - Running with Spring Boot v2.1.3.RELEASE, Spring v5.1.5.RELEASE
[INFO ] 2019-03-06 12:24:13.105 [restartedMain] MyErpSystemApplication - No active profile set, falling back to default profiles: default
[INFO ] 2019-03-06 12:24:14.167 [restartedMain] MyErpSystemApplication - Started MyErpSystemApplication in 1.104 seconds (JVM running for 3100.13)
[DEBUG] 2019-03-06 12:24:25.582 [http-nio-8080-exec-1] LoginController - Loging Off.
[DEBUG] 2019-03-06 12:24:28.011 [http-nio-8080-exec-2] LoginController - Redirecting to Login Page.
[DEBUG] 2019-03-06 12:24:36.658 [http-nio-8080-exec-4] LoginController - Initializing the Login Process.
[DEBUG] 2019-03-06 12:24:36.763 [http-nio-8080-exec-4] LoginController - Login Successful. Redirecting to welcome screen.
[DEBUG] 2019-03-06 16:16:36.580 [http-nio-8080-exec-7] LoginController - Redirecting to Home Page.
[DEBUG] 2019-03-06 16:16:43.836 [http-nio-8080-exec-9] LoginController - Redirecting to Home Page.
[DEBUG] 2019-03-06 16:16:52.745 [http-nio-8080-exec-1] LoginController - Redirecting to Login Page.
[DEBUG] 2019-03-06 16:17:01.121 [http-nio-8080-exec-2] LoginController - Initializing the Login Process.
[DEBUG] 2019-03-06 16:17:01.136 [http-nio-8080-exec-2] LoginController - Login Successful. Redirecting to welcome screen.
[DEBUG] 2019-03-06 16:18:50.204 [http-nio-8080-exec-6] LoginController - Initializing the Login Process.
[DEBUG] 2019-03-06 16:18:50.208 [http-nio-8080-exec-6] LoginController - Login Successful. Redirecting to welcome screen.
[DEBUG] 2019-03-06 16:19:00.418 [http-nio-8080-exec-8] LoginController - Initializing the Login Process.
[DEBUG] 2019-03-06 16:19:00.421 [http-nio-8080-exec-8] LoginController - Login Successful. Redirecting to welcome screen.
[DEBUG] 2019-03-06 16:20:10.030 [http-nio-8080-exec-2] LoginController - Initializing the Login Process.
[DEBUG] 2019-03-06 16:20:10.033 [http-nio-8080-exec-2] LoginController - Login Successful. Redirecting to welcome screen.
[DEBUG] 2019-03-06 16:21:01.450 [http-nio-8080-exec-5] LoginController - Redirecting to Login Page.
[INFO ] 2019-03-06 16:21:48.128 [restartedMain] MyErpSystemApplication - Starting MyErpSystemApplication on INHYNNTRIPATHY1 with PID 15388 (C:\SpringWorkSpace\myERPSystem\target\classes started by ntripathy in C:\SpringWorkSpace\myERPSystem)
[DEBUG] 2019-03-06 16:21:48.128 [restartedMain] MyErpSystemApplication - Running with Spring Boot v2.1.3.RELEASE, Spring v5.1.5.RELEASE
[INFO ] 2019-03-06 16:21:48.129 [restartedMain] MyErpSystemApplication - No active profile set, falling back to default profiles: default
[INFO ] 2019-03-06 16:21:49.608 [restartedMain] MyErpSystemApplication - Started MyErpSystemApplication in 1.534 seconds (JVM running for 17355.604)
[INFO ] 2019-03-06 16:21:53.829 [restartedMain] MyErpSystemApplication - Starting MyErpSystemApplication on INHYNNTRIPATHY1 with PID 15388 (C:\SpringWorkSpace\myERPSystem\target\classes started by ntripathy in C:\SpringWorkSpace\myERPSystem)
[DEBUG] 2019-03-06 16:21:53.829 [restartedMain] MyErpSystemApplication - Running with Spring Boot v2.1.3.RELEASE, Spring v5.1.5.RELEASE
[INFO ] 2019-03-06 16:21:53.829 [restartedMain] MyErpSystemApplication - No active profile set, falling back to default profiles: default
[INFO ] 2019-03-06 16:21:54.738 [restartedMain] MyErpSystemApplication - Started MyErpSystemApplication in 0.946 seconds (JVM running for 17360.735)
[INFO ] 2019-03-06 16:21:57.842 [restartedMain] MyErpSystemApplication - Starting MyErpSystemApplication on INHYNNTRIPATHY1 with PID 15388 (C:\SpringWorkSpace\myERPSystem\target\classes started by ntripathy in C:\SpringWorkSpace\myERPSystem)
[DEBUG] 2019-03-06 16:21:57.842 [restartedMain] MyErpSystemApplication - Running with Spring Boot v2.1.3.RELEASE, Spring v5.1.5.RELEASE
[INFO ] 2019-03-06 16:21:57.842 [restartedMain] MyErpSystemApplication - No active profile set, falling back to default profiles: default
[INFO ] 2019-03-06 16:21:58.784 [restartedMain] MyErpSystemApplication - Started MyErpSystemApplication in 0.98 seconds (JVM running for 17364.781)
[DEBUG] 2019-03-06 16:22:02.234 [http-nio-8080-exec-1] LoginController - Redirecting to Login Page.
[DEBUG] 2019-03-06 16:22:04.047 [http-nio-8080-exec-3] LoginController - Redirecting to Home Page.
[INFO ] 2019-03-06 16:25:22.240 [restartedMain] MyErpSystemApplication - Starting MyErpSystemApplication on INHYNNTRIPATHY1 with PID 15388 (C:\SpringWorkSpace\myERPSystem\target\classes started by ntripathy in C:\SpringWorkSpace\myERPSystem)
[DEBUG] 2019-03-06 16:25:22.241 [restartedMain] MyErpSystemApplication - Running with Spring Boot v2.1.3.RELEASE, Spring v5.1.5.RELEASE
[INFO ] 2019-03-06 16:25:22.241 [restartedMain] MyErpSystemApplication - No active profile set, falling back to default profiles: default
[INFO ] 2019-03-06 16:25:22.937 [restartedMain] MyErpSystemApplication - Started MyErpSystemApplication in 0.735 seconds (JVM running for 17568.937)
[INFO ] 2019-03-06 16:26:07.535 [restartedMain] MyErpSystemApplication - Starting MyErpSystemApplication on INHYNNTRIPATHY1 with PID 15388 (C:\SpringWorkSpace\myERPSystem\target\classes started by ntripathy in C:\SpringWorkSpace\myERPSystem)
[DEBUG] 2019-03-06 16:26:07.535 [restartedMain] MyErpSystemApplication - Running with Spring Boot v2.1.3.RELEASE, Spring v5.1.5.RELEASE
[INFO ] 2019-03-06 16:26:07.535 [restartedMain] MyErpSystemApplication - No active profile set, falling back to default profiles: default
[INFO ] 2019-03-06 16:26:08.244 [restartedMain] MyErpSystemApplication - Started MyErpSystemApplication in 0.748 seconds (JVM running for 17614.245)
[INFO ] 2019-03-06 16:26:34.756 [restartedMain] MyErpSystemApplication - Starting MyErpSystemApplication on INHYNNTRIPATHY1 with PID 15388 (C:\SpringWorkSpace\myERPSystem\target\classes started by ntripathy in C:\SpringWorkSpace\myERPSystem)
[DEBUG] 2019-03-06 16:26:34.756 [restartedMain] MyErpSystemApplication - Running with Spring Boot v2.1.3.RELEASE, Spring v5.1.5.RELEASE
[INFO ] 2019-03-06 16:26:34.756 [restartedMain] MyErpSystemApplication - No active profile set, falling back to default profiles: default
[INFO ] 2019-03-06 16:26:35.663 [restartedMain] MyErpSystemApplication - Started MyErpSystemApplication in 0.944 seconds (JVM running for 17641.665)
[INFO ] 2019-03-06 16:26:48.968 [restartedMain] MyErpSystemApplication - Starting MyErpSystemApplication on INHYNNTRIPATHY1 with PID 15388 (C:\SpringWorkSpace\myERPSystem\target\classes started by ntripathy in C:\SpringWorkSpace\myERPSystem)
[DEBUG] 2019-03-06 16:26:48.968 [restartedMain] MyErpSystemApplication - Running with Spring Boot v2.1.3.RELEASE, Spring v5.1.5.RELEASE
[INFO ] 2019-03-06 16:26:48.969 [restartedMain] MyErpSystemApplication - No active profile set, falling back to default profiles: default
[INFO ] 2019-03-06 16:26:49.890 [restartedMain] MyErpSystemApplication - Started MyErpSystemApplication in 0.967 seconds (JVM running for 17655.892)
[INFO ] 2019-03-06 16:27:19.466 [restartedMain] MyErpSystemApplication - Starting MyErpSystemApplication on INHYNNTRIPATHY1 with PID 15388 (C:\SpringWorkSpace\myERPSystem\target\classes started by ntripathy in C:\SpringWorkSpace\myERPSystem)
[DEBUG] 2019-03-06 16:27:19.466 [restartedMain] MyErpSystemApplication - Running with Spring Boot v2.1.3.RELEASE, Spring v5.1.5.RELEASE
[INFO ] 2019-03-06 16:27:19.466 [restartedMain] MyErpSystemApplication - No active profile set, falling back to default profiles: default
[INFO ] 2019-03-06 16:27:20.421 [restartedMain] MyErpSystemApplication - Started MyErpSystemApplication in 0.989 seconds (JVM running for 17686.423)
[DEBUG] 2019-03-06 16:27:39.563 [http-nio-8080-exec-1] LoginController - Redirecting to Home Page.
[DEBUG] 2019-03-06 16:27:42.010 [http-nio-8080-exec-3] LoginController - Redirecting to Login Page.
[DEBUG] 2019-03-06 16:27:58.841 [http-nio-8080-exec-5] LoginController - Initializing the Login Process.
[DEBUG] 2019-03-06 16:27:58.948 [http-nio-8080-exec-5] LoginController - Login Successful. Redirecting to welcome screen.
[DEBUG] 2019-03-06 16:29:10.070 [http-nio-8080-exec-8] LoginController - Initializing the Login Process.
[DEBUG] 2019-03-06 16:29:10.075 [http-nio-8080-exec-8] LoginController - Login Successful. Redirecting to welcome screen.
[DEBUG] 2019-03-06 16:29:20.911 [http-nio-8080-exec-1] LoginController - Loging Off.
[DEBUG] 2019-03-06 16:29:23.614 [http-nio-8080-exec-2] LoginController - Redirecting to Login Page.
[DEBUG] 2019-03-06 16:29:30.285 [http-nio-8080-exec-3] LoginController - Initializing the Login Process.
[DEBUG] 2019-03-06 16:29:30.289 [http-nio-8080-exec-3] LoginController - Login Successful. Redirecting to welcome screen.
[INFO ] 2019-03-06 16:30:32.380 [restartedMain] MyErpSystemApplication - Starting MyErpSystemApplication on INHYNNTRIPATHY1 with PID 17160 (C:\SpringWorkSpace\myERPSystem\target\classes started by ntripathy in C:\SpringWorkSpace\myERPSystem)
[DEBUG] 2019-03-06 16:30:32.387 [restartedMain] MyErpSystemApplication - Running with Spring Boot v2.1.3.RELEASE, Spring v5.1.5.RELEASE
[INFO ] 2019-03-06 16:30:32.388 [restartedMain] MyErpSystemApplication - No active profile set, falling back to default profiles: default
[INFO ] 2019-03-06 16:31:54.777 [restartedMain] MyErpSystemApplication - Starting MyErpSystemApplication on INHYNNTRIPATHY1 with PID 15388 (C:\SpringWorkSpace\myERPSystem\target\classes started by ntripathy in C:\SpringWorkSpace\myERPSystem)
[DEBUG] 2019-03-06 16:31:54.777 [restartedMain] MyErpSystemApplication - Running with Spring Boot v2.1.3.RELEASE, Spring v5.1.5.RELEASE
[INFO ] 2019-03-06 16:31:54.777 [restartedMain] MyErpSystemApplication - No active profile set, falling back to default profiles: default
[INFO ] 2019-03-06 16:31:55.824 [restartedMain] MyErpSystemApplication - Started MyErpSystemApplication in 1.08 seconds (JVM running for 17961.83)
[INFO ] 2019-03-06 16:32:12.121 [restartedMain] MyErpSystemApplication - Starting MyErpSystemApplication on INHYNNTRIPATHY1 with PID 6540 (C:\SpringWorkSpace\myERPSystem\target\classes started by ntripathy in C:\SpringWorkSpace\myERPSystem)
[DEBUG] 2019-03-06 16:32:12.129 [restartedMain] MyErpSystemApplication - Running with Spring Boot v2.1.3.RELEASE, Spring v5.1.5.RELEASE
[INFO ] 2019-03-06 16:32:12.130 [restartedMain] MyErpSystemApplication - No active profile set, falling back to default profiles: default
[INFO ] 2019-03-06 16:32:16.988 [restartedMain] MyErpSystemApplication - Started MyErpSystemApplication in 5.386 seconds (JVM running for 7.074)
[DEBUG] 2019-03-06 16:32:27.323 [http-nio-8080-exec-1] LoginController - Redirecting to Home Page.
[DEBUG] 2019-03-06 16:32:30.522 [http-nio-8080-exec-2] LoginController - Redirecting to Login Page.
[DEBUG] 2019-03-06 16:32:36.600 [http-nio-8080-exec-3] LoginController - Initializing the Login Process.
[DEBUG] 2019-03-06 16:32:36.912 [http-nio-8080-exec-3] LoginController - Login Successful. Redirecting to welcome screen.
[INFO ] 2019-03-06 16:33:20.029 [restartedMain] MyErpSystemApplication - Starting MyErpSystemApplication on INHYNNTRIPATHY1 with PID 6540 (C:\SpringWorkSpace\myERPSystem\target\classes started by ntripathy in C:\SpringWorkSpace\myERPSystem)
[DEBUG] 2019-03-06 16:33:20.029 [restartedMain] MyErpSystemApplication - Running with Spring Boot v2.1.3.RELEASE, Spring v5.1.5.RELEASE
[INFO ] 2019-03-06 16:33:20.030 [restartedMain] MyErpSystemApplication - No active profile set, falling back to default profiles: default
[INFO ] 2019-03-06 16:33:21.283 [restartedMain] MyErpSystemApplication - Started MyErpSystemApplication in 1.309 seconds (JVM running for 71.37)
[DEBUG] 2019-03-06 16:34:59.604 [http-nio-8080-exec-1] LoginController - Initializing the Login Process.
[DEBUG] 2019-03-06 16:34:59.707 [http-nio-8080-exec-1] LoginController - Login Successful. Redirecting to welcome screen.
[DEBUG] 2019-03-06 16:35:04.503 [http-nio-8080-exec-3] LoginController - Loging Off.
[DEBUG] 2019-03-06 16:35:06.035 [http-nio-8080-exec-4] LoginController - Redirecting to Login Page.
[DEBUG] 2019-03-06 16:35:14.350 [http-nio-8080-exec-6] LoginController - Initializing the Login Process.
[DEBUG] 2019-03-06 16:35:14.355 [http-nio-8080-exec-6] LoginController - Login Successful. Redirecting to welcome screen.
[INFO ] 2019-03-06 16:35:36.646 [restartedMain] MyErpSystemApplication - Starting MyErpSystemApplication on INHYNNTRIPATHY1 with PID 30636 (C:\SpringWorkSpace\myERPSystem\target\classes started by ntripathy in C:\SpringWorkSpace\myERPSystem)
[DEBUG] 2019-03-06 16:35:36.655 [restartedMain] MyErpSystemApplication - Running with Spring Boot v2.1.3.RELEASE, Spring v5.1.5.RELEASE
[INFO ] 2019-03-06 16:35:36.656 [restartedMain] MyErpSystemApplication - No active profile set, falling back to default profiles: default
[DEBUG] 2019-03-06 16:35:46.304 [http-nio-8080-exec-8] LoginController - Redirecting to Home Page.
[DEBUG] 2019-03-06 16:35:48.696 [http-nio-8080-exec-9] LoginController - Loging Off.
[DEBUG] 2019-03-06 16:35:49.962 [http-nio-8080-exec-10] LoginController - Redirecting to Login Page.
[DEBUG] 2019-03-06 16:36:05.278 [http-nio-8080-exec-2] LoginController - Initializing the Login Process.
[DEBUG] 2019-03-06 16:36:05.281 [http-nio-8080-exec-2] LoginController - Login Successful. Redirecting to welcome screen.
[INFO ] 2019-03-06 16:36:32.748 [restartedMain] MyErpSystemApplication - Starting MyErpSystemApplication on INHYNNTRIPATHY1 with PID 4148 (C:\SpringWorkSpace\myERPSystem\target\classes started by ntripathy in C:\SpringWorkSpace\myERPSystem)
[DEBUG] 2019-03-06 16:36:32.759 [restartedMain] MyErpSystemApplication - Running with Spring Boot v2.1.3.RELEASE, Spring v5.1.5.RELEASE
[INFO ] 2019-03-06 16:36:32.760 [restartedMain] MyErpSystemApplication - No active profile set, falling back to default profiles: default
[INFO ] 2019-03-06 16:36:46.881 [restartedMain] MyErpSystemApplication - Started MyErpSystemApplication in 14.683 seconds (JVM running for 24.505)
[DEBUG] 2019-03-06 16:37:04.177 [http-nio-8080-exec-1] LoginController - Redirecting to Home Page.
[DEBUG] 2019-03-06 16:37:09.892 [http-nio-8080-exec-2] LoginController - Redirecting to Login Page.
[DEBUG] 2019-03-06 16:37:17.355 [http-nio-8080-exec-4] LoginController - Initializing the Login Process.
[DEBUG] 2019-03-06 16:39:43.393 [http-nio-8080-exec-4] LoginController - Login Successful. Redirecting to welcome screen.
[DEBUG] 2019-03-06 16:43:43.630 [http-nio-8080-exec-7] LoginController - Loging Off.
[DEBUG] 2019-03-06 16:43:45.020 [http-nio-8080-exec-8] LoginController - Redirecting to Login Page.
[DEBUG] 2019-03-06 16:43:50.846 [http-nio-8080-exec-9] LoginController - Initializing the Login Process.
[DEBUG] 2019-03-06 16:45:55.845 [http-nio-8080-exec-9] LoginController - Login Successful. Redirecting to welcome screen.
[INFO ] 2019-03-06 16:49:50.834 [restartedMain] MyErpSystemApplication - Starting MyErpSystemApplication on INHYNNTRIPATHY1 with PID 4148 (C:\SpringWorkSpace\myERPSystem\target\classes started by ntripathy in C:\SpringWorkSpace\myERPSystem)
[DEBUG] 2019-03-06 16:49:50.834 [restartedMain] MyErpSystemApplication - Running with Spring Boot v2.1.3.RELEASE, Spring v5.1.5.RELEASE
[INFO ] 2019-03-06 16:49:50.835 [restartedMain] MyErpSystemApplication - No active profile set, falling back to default profiles: default
[INFO ] 2019-03-06 16:49:53.013 [restartedMain] MyErpSystemApplication - Started MyErpSystemApplication in 2.274 seconds (JVM running for 810.641)
[INFO ] 2019-03-06 16:50:13.300 [restartedMain] MyErpSystemApplication - Starting MyErpSystemApplication on INHYNNTRIPATHY1 with PID 4148 (C:\SpringWorkSpace\myERPSystem\target\classes started by ntripathy in C:\SpringWorkSpace\myERPSystem)
[DEBUG] 2019-03-06 16:50:13.300 [restartedMain] MyErpSystemApplication - Running with Spring Boot v2.1.3.RELEASE, Spring v5.1.5.RELEASE
[INFO ] 2019-03-06 16:50:13.301 [restartedMain] MyErpSystemApplication - No active profile set, falling back to default profiles: default
[INFO ] 2019-03-06 16:50:15.066 [restartedMain] MyErpSystemApplication - Started MyErpSystemApplication in 1.827 seconds (JVM running for 832.694)
[INFO ] 2019-03-06 16:50:20.146 [restartedMain] MyErpSystemApplication - Starting MyErpSystemApplication on INHYNNTRIPATHY1 with PID 4148 (C:\SpringWorkSpace\myERPSystem\target\classes started by ntripathy in C:\SpringWorkSpace\myERPSystem)
[DEBUG] 2019-03-06 16:50:20.146 [restartedMain] MyErpSystemApplication - Running with Spring Boot v2.1.3.RELEASE, Spring v5.1.5.RELEASE
[INFO ] 2019-03-06 16:50:20.147 [restartedMain] MyErpSystemApplication - No active profile set, falling back to default profiles: default
[INFO ] 2019-03-06 16:50:21.560 [restartedMain] MyErpSystemApplication - Started MyErpSystemApplication in 1.484 seconds (JVM running for 839.188)
[INFO ] 2019-03-06 16:50:31.682 [restartedMain] MyErpSystemApplication - Starting MyErpSystemApplication on INHYNNTRIPATHY1 with PID 4148 (C:\SpringWorkSpace\myERPSystem\target\classes started by ntripathy in C:\SpringWorkSpace\myERPSystem)
[DEBUG] 2019-03-06 16:50:31.682 [restartedMain] MyErpSystemApplication - Running with Spring Boot v2.1.3.RELEASE, Spring v5.1.5.RELEASE
[INFO ] 2019-03-06 16:50:31.682 [restartedMain] MyErpSystemApplication - No active profile set, falling back to default profiles: default
[INFO ] 2019-03-06 16:50:32.946 [restartedMain] MyErpSystemApplication - Started MyErpSystemApplication in 1.329 seconds (JVM running for 850.574)
[INFO ] 2019-03-06 16:50:46.058 [restartedMain] MyErpSystemApplication - Starting MyErpSystemApplication on INHYNNTRIPATHY1 with PID 4148 (C:\SpringWorkSpace\myERPSystem\target\classes started by ntripathy in C:\SpringWorkSpace\myERPSystem)
[DEBUG] 2019-03-06 16:50:46.058 [restartedMain] MyErpSystemApplication - Running with Spring Boot v2.1.3.RELEASE, Spring v5.1.5.RELEASE
[INFO ] 2019-03-06 16:50:46.058 [restartedMain] MyErpSystemApplication - No active profile set, falling back to default profiles: default
[INFO ] 2019-03-06 16:50:47.422 [restartedMain] MyErpSystemApplication - Started MyErpSystemApplication in 1.425 seconds (JVM running for 865.05)
[INFO ] 2019-03-06 16:51:03.946 [restartedMain] MyErpSystemApplication - Starting MyErpSystemApplication on INHYNNTRIPATHY1 with PID 4148 (C:\SpringWorkSpace\myERPSystem\target\classes started by ntripathy in C:\SpringWorkSpace\myERPSystem)
[DEBUG] 2019-03-06 16:51:03.946 [restartedMain] MyErpSystemApplication - Running with Spring Boot v2.1.3.RELEASE, Spring v5.1.5.RELEASE
[INFO ] 2019-03-06 16:51:03.947 [restartedMain] MyErpSystemApplication - No active profile set, falling back to default profiles: default
[INFO ] 2019-03-06 16:51:05.079 [restartedMain] MyErpSystemApplication - Started MyErpSystemApplication in 1.196 seconds (JVM running for 882.707)
[INFO ] 2019-03-06 16:51:19.767 [restartedMain] MyErpSystemApplication - Starting MyErpSystemApplication on INHYNNTRIPATHY1 with PID 4148 (C:\SpringWorkSpace\myERPSystem\target\classes started by ntripathy in C:\SpringWorkSpace\myERPSystem)
[DEBUG] 2019-03-06 16:51:19.767 [restartedMain] MyErpSystemApplication - Running with Spring Boot v2.1.3.RELEASE, Spring v5.1.5.RELEASE
[INFO ] 2019-03-06 16:51:19.768 [restartedMain] MyErpSystemApplication - No active profile set, falling back to default profiles: default
[INFO ] 2019-03-06 16:51:21.083 [restartedMain] MyErpSystemApplication - Started MyErpSystemApplication in 1.365 seconds (JVM running for 898.711)
